Jul 04, 2019 10:04:30 AM org.apache.catalina.core.ApplicationContext log
INFO: ContextListener: contextInitialized()
Jul 04, 2019 10:04:30 AM org.apache.catalina.core.ApplicationContext log
INFO: SessionListener: contextInitialized()
Jul 04, 2019 10:04:30 AM org.apache.catalina.core.ApplicationContext log
INFO: ContextListener: attributeAdded('StockTicker', 'async.Stockticker@df1352f')
Jul 04, 2019 10:04:30 AM org.apache.catalina.core.ApplicationContext log
INFO: ContextListener: attributeAdded('org.apache.jasper.compiler.TldLocationsCache', 'org.apache.jasper.compiler.TldLocationsCache@45134f3b')
Jul 04, 2019 10:15:18 AM org.apache.catalina.core.ApplicationContext log
INFO: SessionListener: contextDestroyed()
Jul 04, 2019 10:15:18 AM org.apache.catalina.core.ApplicationContext log
INFO: ContextListener: contextDestroyed()
Jul 04, 2019 10:19:37 AM org.apache.catalina.core.ApplicationContext log
INFO: ContextListener: contextInitialized()
Jul 04, 2019 10:19:37 AM org.apache.catalina.core.ApplicationContext log
INFO: SessionListener: contextInitialized()
Jul 04, 2019 10:19:37 AM org.apache.catalina.core.ApplicationContext log
INFO: ContextListener: attributeAdded('StockTicker', 'async.Stockticker@2905e4f8')
Jul 04, 2019 10:19:37 AM org.apache.catalina.core.ApplicationContext log
INFO: ContextListener: attributeAdded('org.apache.jasper.compiler.TldLocationsCache', 'org.apache.jasper.compiler.TldLocationsCache@4a97999d')
Jul 04, 2019 10:35:21 AM org.apache.catalina.core.ApplicationContext log
INFO: SessionListener: contextDestroyed()
Jul 04, 2019 10:35:21 AM org.apache.catalina.core.ApplicationContext log
INFO: ContextListener: contextDestroyed()
Jul 04, 2019 10:38:05 AM org.apache.catalina.core.ApplicationContext log
INFO: ContextListener: contextInitialized()
Jul 04, 2019 10:38:05 AM org.apache.catalina.core.ApplicationContext log
INFO: SessionListener: contextInitialized()
Jul 04, 2019 10:38:05 AM org.apache.catalina.core.ApplicationContext log
INFO: ContextListener: attributeAdded('StockTicker', 'async.Stockticker@1c9b47cc')
Jul 04, 2019 10:38:05 AM org.apache.catalina.core.ApplicationContext log
INFO: ContextListener: attributeAdded('org.apache.jasper.compiler.TldLocationsCache', 'org.apache.jasper.compiler.TldLocationsCache@47b6bc75')
Jul 04, 2019 11:22:42 AM org.apache.catalina.core.ApplicationContext log
INFO: SessionListener: contextDestroyed()
Jul 04, 2019 11:22:42 AM org.apache.catalina.core.ApplicationContext log
INFO: ContextListener: contextDestroyed()
Jul 04, 2019 11:25:02 AM org.apache.catalina.core.ApplicationContext log
INFO: ContextListener: contextInitialized()
Jul 04, 2019 11:25:02 AM org.apache.catalina.core.ApplicationContext log
INFO: SessionListener: contextInitialized()
Jul 04, 2019 11:25:02 AM org.apache.catalina.core.ApplicationContext log
INFO: ContextListener: attributeAdded('StockTicker', 'async.Stockticker@41f04a31')
Jul 04, 2019 11:25:02 AM org.apache.catalina.core.ApplicationContext log
INFO: ContextListener: attributeAdded('org.apache.jasper.compiler.TldLocationsCache', 'org.apache.jasper.compiler.TldLocationsCache@717b4167')
Jul 04, 2019 11:32:14 AM org.apache.catalina.core.ApplicationContext log
INFO: SessionListener: contextDestroyed()
Jul 04, 2019 11:32:14 AM org.apache.catalina.core.ApplicationContext log
INFO: ContextListener: contextDestroyed()
